Started GET "/" for ::1 at 2021-10-18 10:34:56 -0700
  [1m[35m (9.9ms)[0m  [1m[34mSELECT sqlite_version(*)[0m
Processing by Rails::WelcomeController#index as HTML
  Rendering C:/Ruby30-x64/lib/ruby/gems/3.0.0/gems/railties-6.1.4.1/lib/rails/templates/rails/welcome/index.html.erb
  Rendered C:/Ruby30-x64/lib/ruby/gems/3.0.0/gems/railties-6.1.4.1/lib/rails/templates/rails/welcome/index.html.erb (Duration: 42.0ms | Allocations: 618)
Completed 200 OK in 142ms (Views: 75.6ms | ActiveRecord: 0.0ms | Allocations: 4980)


Started GET "/" for ::1 at 2021-10-18 10:40:48 -0700
Processing by ApplicationController#hello as HTML
  Rendering html template
  Rendered html template (Duration: 0.2ms | Allocations: 51)
Completed 200 OK in 10ms (Views: 9.5ms | Allocations: 918)


Started GET "/" for ::1 at 2021-10-18 10:50:56 -0700
  [1m[35m (0.5ms)[0m  [1m[34mSELECT sqlite_version(*)[0m
Processing by PagesController#home as HTML
  Rendering layout layouts/application.html.erb
  Rendering pages/home.html.erb within layouts/application
  Rendered pages/home.html.erb within layouts/application (Duration: 0.8ms | Allocations: 361)
[Webpacker] Compiling...
[Webpacker] Compiled all packs in C:/Users/jennl/OneDrive/Desktop/ruby_projects/test_app/public/packs
[Webpacker] Hash: e2a8a876c5815bee1e21
Version: webpack 4.46.0
Time: 2031ms
Built at: 10/18/2021 10:51:01 AM
                                     Asset       Size       Chunks                         Chunk Names
    js/application-e421b4aa3f716bebdab1.js    125 KiB  application  [emitted] [immutable]  application
js/application-e421b4aa3f716bebdab1.js.map    139 KiB  application  [emitted] [dev]        application
                             manifest.json  364 bytes               [emitted]              
Entrypoint application = js/application-e421b4aa3f716bebdab1.js js/application-e421b4aa3f716bebdab1.js.map
[./app/javascript/channels sync recursive _channel\.js$] ./app/javascript/channels sync _channel\.js$ 160 bytes {application} [built]
[./app/javascript/channels/index.js] 211 bytes {application} [built]
[./app/javascript/packs/application.js] 492 bytes {application} [built]
[./node_modules/webpack/buildin/module.js] (webpack)/buildin/module.js 552 bytes {application} [built]
    + 3 hidden modules

  Rendered layout layouts/application.html.erb (Duration: 4953.6ms | Allocations: 16827)
Completed 200 OK in 4968ms (Views: 4960.4ms | ActiveRecord: 0.0ms | Allocations: 20403)


